0 info it worked if it ends with ok
1 verbose cli [ 'node',
1 verbose cli   'C:\\Users\\Magali\\AppData\\Roaming\\npm\\node_modules\\npm\\bin\\npm-cli.js',
1 verbose cli   'install',
1 verbose cli   '-g',
1 verbose cli   'grunt-cli' ]
2 info using npm@2.1.10
3 info using node@v0.10.33
4 silly cache add args [ 'grunt-cli', null ]
5 verbose cache add spec grunt-cli
6 silly cache add parsed spec { raw: 'grunt-cli',
6 silly cache add   scope: null,
6 silly cache add   name: 'grunt-cli',
6 silly cache add   rawSpec: '',
6 silly cache add   spec: '*',
6 silly cache add   type: 'range' }
7 verbose addNamed grunt-cli@*
8 silly addNamed semver.valid null
9 silly addNamed semver.validRange *
10 silly addNameRange { name: 'grunt-cli', range: '*', hasData: false }
11 silly mapToRegistry name grunt-cli
12 silly mapToRegistry using default registry
13 silly mapToRegistry registry https://registry.npmjs.org/
14 silly mapToRegistry uri https://registry.npmjs.org/grunt-cli
15 verbose addNameRange registry:https://registry.npmjs.org/grunt-cli not in flight; fetching
16 verbose request uri https://registry.npmjs.org/grunt-cli
17 verbose request no auth needed
18 info attempt registry request try #1 at 10:56:08
19 verbose request id 0a93efa7a3f4e006
20 verbose etag "E3BI2QO4XDSKVDFE2LP5GI0E"
21 http request GET https://registry.npmjs.org/grunt-cli
22 http 200 https://registry.npmjs.org/grunt-cli
23 silly get cb [ 200,
23 silly get   { date: 'Mon, 15 Dec 2014 09:56:06 GMT',
23 silly get     server: 'CouchDB/1.5.0 (Erlang OTP/R16B03)',
23 silly get     etag: '"2GZ6Q2X7IDL2HEYPQPSHXQNZ6"',
23 silly get     'content-type': 'application/json',
23 silly get     'cache-control': 'max-age=60',
23 silly get     'content-length': '20068',
23 silly get     'accept-ranges': 'bytes',
23 silly get     via: '1.1 varnish',
23 silly get     age: '11',
23 silly get     'x-served-by': 'cache-fra1231-FRA',
23 silly get     'x-cache': 'HIT',
23 silly get     'x-cache-hits': '1',
23 silly get     'x-timer': 'S1418637366.885090,VS0,VE0',
23 silly get     vary: 'Accept',
23 silly get     'keep-alive': 'timeout=10, max=50',
23 silly get     connection: 'Keep-Alive' } ]
24 silly addNameRange number 2 { name: 'grunt-cli', range: '*', hasData: true }
25 silly addNameRange versions [ 'grunt-cli',
25 silly addNameRange   [ '0.1.0',
25 silly addNameRange     '0.1.1',
25 silly addNameRange     '0.1.2',
25 silly addNameRange     '0.1.3',
25 silly addNameRange     '0.1.4',
25 silly addNameRange     '0.1.5',
25 silly addNameRange     '0.1.6',
25 silly addNameRange     '0.1.7',
25 silly addNameRange     '0.1.8',
25 silly addNameRange     '0.1.9',
25 silly addNameRange     '0.1.10',
25 silly addNameRange     '0.1.11',
25 silly addNameRange     '0.1.12',
25 silly addNameRange     '0.1.13' ] ]
26 verbose addNamed grunt-cli@0.1.13
27 silly addNamed semver.valid 0.1.13
28 silly addNamed semver.validRange 0.1.13
29 silly cache afterAdd grunt-cli@0.1.13
30 verbose afterAdd C:\Users\Magali\AppData\Roaming\npm-cache\grunt-cli\0.1.13\package\package.json not in flight; writing
31 verbose afterAdd C:\Users\Magali\AppData\Roaming\npm-cache\grunt-cli\0.1.13\package\package.json written
32 silly install resolved [ { name: 'grunt-cli',
32 silly install resolved     description: 'The grunt command line interface.',
32 silly install resolved     version: '0.1.13',
32 silly install resolved     author: { name: 'Grunt Team' },
32 silly install resolved     homepage: 'http://gruntjs.com/',
32 silly install resolved     repository: { type: 'git', url: 'git://github.com/gruntjs/grunt-cli.git' },
32 silly install resolved     bugs: { url: 'http://github.com/gruntjs/grunt-cli/issues' },
32 silly install resolved     licenses: [ [Object] ],
32 silly install resolved     bin: { grunt: 'bin/grunt' },
32 silly install resolved     engines: { node: '>= 0.8.0' },
32 silly install resolved     scripts: { test: 'node bin/grunt test' },
32 silly install resolved     preferGlobal: true,
32 silly install resolved     dependencies: { nopt: '~1.0.10', 'findup-sync': '~0.1.0', resolve: '~0.3.1' },
32 silly install resolved     devDependencies: { grunt: '~0.4.0', 'grunt-contrib-jshint': '~0.2.0' },
32 silly install resolved     contributors: [ [Object], [Object], [Object], [Object] ],
32 silly install resolved     _id: 'grunt-cli@0.1.13',
32 silly install resolved     dist:
32 silly install resolved      { shasum: 'e9ebc4047631f5012d922770c39378133cad10f4',
32 silly install resolved        tarball: 'http://registry.npmjs.org/grunt-cli/-/grunt-cli-0.1.13.tgz' },
32 silly install resolved     _from: 'grunt-cli@*',
32 silly install resolved     _npmVersion: '1.3.24',
32 silly install resolved     _npmUser: { name: 'tkellen', email: 'tyler@sleekcode.net' },
32 silly install resolved     maintainers: [ [Object] ],
32 silly install resolved     directories: {},
32 silly install resolved     _shasum: 'e9ebc4047631f5012d922770c39378133cad10f4',
32 silly install resolved     _resolved: 'https://registry.npmjs.org/grunt-cli/-/grunt-cli-0.1.13.tgz',
32 silly install resolved     readme: 'ERROR: No README data found!' } ]
33 info install grunt-cli@0.1.13 into C:\Program Files\nodejs
34 info installOne grunt-cli@0.1.13
35 verbose installOne of grunt-cli to C:\Program Files\nodejs not in flight; installing
36 verbose lock using C:\Users\Magali\AppData\Roaming\npm-cache\_locks\grunt-cli-07462ef5700713b8.lock for C:\Program Files\nodejs\node_modules\grunt-cli
37 silly install write writing grunt-cli 0.1.13 to C:\Program Files\nodejs\node_modules\grunt-cli
38 silly cache addNamed cb grunt-cli@0.1.13
39 verbose unbuild node_modules\grunt-cli
40 verbose gentlyRm vacuuming C:\Program Files\nodejs\node_modules\grunt-cli
41 verbose tar unpack C:\Users\Magali\AppData\Roaming\npm-cache\grunt-cli\0.1.13\package.tgz
42 verbose tar unpacking to C:\Program Files\nodejs\node_modules\grunt-cli
43 verbose gentlyRm vacuuming C:\Program Files\nodejs\node_modules\grunt-cli
44 silly gunzTarPerm modes [ '777', '666' ]
45 error tar.unpack untar error C:\Users\Magali\AppData\Roaming\npm-cache\grunt-cli\0.1.13\package.tgz
46 verbose unlock done using C:\Users\Magali\AppData\Roaming\npm-cache\_locks\grunt-cli-07462ef5700713b8.lock for C:\Program Files\nodejs\node_modules\grunt-cli
47 verbose fstream_path C:\Program Files\nodejs\node_modules\grunt-cli
48 verbose fstream_type Directory
49 verbose fstream_class DirWriter
50 verbose stack Error: EPERM, mkdir 'C:\Program Files\nodejs\node_modules\grunt-cli'
51 verbose fstream_stack C:\Users\Magali\AppData\Roaming\npm\node_modules\npm\node_modules\fstream\lib\dir-writer.js:36:23
51 verbose fstream_stack C:\Users\Magali\AppData\Roaming\npm\node_modules\npm\node_modules\mkdirp\index.js:46:53
51 verbose fstream_stack Object.oncomplete (fs.js:107:15)
52 verbose cwd C:\Users\Magali\GithubProject\amt\apidoc-seed
53 error Windows_NT 6.1.7601
54 error argv "node" "C:\\Users\\Magali\\AppData\\Roaming\\npm\\node_modules\\npm\\bin\\npm-cli.js" "install" "-g" "grunt-cli"
55 error node v0.10.33
56 error npm  v2.1.10
57 error path C:\Program Files\nodejs\node_modules\grunt-cli
58 error code EPERM
59 error errno 50
60 error Error: EPERM, mkdir 'C:\Program Files\nodejs\node_modules\grunt-cli'
60 error  { [Error: EPERM, mkdir 'C:\Program Files\nodejs\node_modules\grunt-cli']
60 error   errno: 50,
60 error   code: 'EPERM',
60 error   path: 'C:\\Program Files\\nodejs\\node_modules\\grunt-cli',
60 error   fstream_type: 'Directory',
60 error   fstream_path: 'C:\\Program Files\\nodejs\\node_modules\\grunt-cli',
60 error   fstream_class: 'DirWriter',
60 error   fstream_stack:
60 error    [ 'C:\\Users\\Magali\\AppData\\Roaming\\npm\\node_modules\\npm\\node_modules\\fstream\\lib\\dir-writer.js:36:23',
60 error      'C:\\Users\\Magali\\AppData\\Roaming\\npm\\node_modules\\npm\\node_modules\\mkdirp\\index.js:46:53',
60 error      'Object.oncomplete (fs.js:107:15)' ] }
61 error Please try running this command again as root/Administrator.
62 verbose exit [ 50, true ]
63 verbose unbuild node_modules\grunt-cli
64 verbose gentlyRm vacuuming C:\Program Files\nodejs\node_modules\grunt-cli
